D:\JABIL\00__PROJECT\_CHA\14-DEVELOPMENT OF SPC TYPEB - PC VERSION\CSPC\CSPC\DEBUG\CSPC.PCH
D:\JABIL\00__PROJECT\_CHA\14-DEVELOPMENT OF SPC TYPEB - PC VERSION\CSPC\CSPC\DEBUG\STDAFX.OBJ
D:\JABIL\00__PROJECT\_CHA\14-DEVELOPMENT OF SPC TYPEB - PC VERSION\CSPC\CSPC\DEBUG\VC110.PDB
D:\JABIL\00__PROJECT\_CHA\14-DEVELOPMENT OF SPC TYPEB - PC VERSION\CSPC\CSPC\DEBUG\CSPC.OBJ
D:\JABIL\00__PROJECT\_CHA\14-DEVELOPMENT OF SPC TYPEB - PC VERSION\CSPC\CSPC\DEBUG\DLLMAIN.OBJ
D:\JABIL\00__PROJECT\_CHA\14-DEVELOPMENT OF SPC TYPEB - PC VERSION\CSPC\CSPC\DEBUG\.NETFRAMEWORK,VERSION=V4.0.ASSEMBLYATTRIBUTES.OBJ
D:\Jabil\00__Project\_CHA\14-Development of SPC TypeB - PC version\cSPC\Debug\cSPC.lib
D:\Jabil\00__Project\_CHA\14-Development of SPC TypeB - PC version\cSPC\Debug\cSPC.exp
D:\JABIL\00__PROJECT\_CHA\14-DEVELOPMENT OF SPC TYPEB - PC VERSION\CSPC\DEBUG\CSPC.ILK
D:\JABIL\00__PROJECT\_CHA\14-DEVELOPMENT OF SPC TYPEB - PC VERSION\CSPC\DEBUG\CSPC.DLL
D:\JABIL\00__PROJECT\_CHA\14-DEVELOPMENT OF SPC TYPEB - PC VERSION\CSPC\DEBUG\CSPC.PDB
D:\Jabil\00__Project\_CHA\14-Development of SPC TypeB - PC version\cSPC\cSPC\Debug\cSPC.vcxprojResolveAssemblyReference.cache
D:\Jabil\00__Project\_CHA\14-Development of SPC TypeB - PC version\cSPC\cSPC\Debug\.NETFramework,Version=v4.0.AssemblyAttributes.obj
D:\Jabil\00__Project\_CHA\14-Development of SPC TypeB - PC version\cSPC\cSPC\Debug\cSPC.obj
D:\Jabil\00__Project\_CHA\14-Development of SPC TypeB - PC version\cSPC\cSPC\Debug\dllmain.obj
D:\Jabil\00__Project\_CHA\14-Development of SPC TypeB - PC version\cSPC\cSPC\Debug\stdafx.obj
D:\Jabil\00__Project\_CHA\14-Development of SPC TypeB - PC version\cSPC\cSPC\Debug\cl.command.1.tlog
D:\Jabil\00__Project\_CHA\14-Development of SPC TypeB - PC version\cSPC\cSPC\Debug\CL.read.1.tlog
D:\Jabil\00__Project\_CHA\14-Development of SPC TypeB - PC version\cSPC\cSPC\Debug\CL.write.1.tlog
D:\Jabil\00__Project\_CHA\14-Development of SPC TypeB - PC version\cSPC\cSPC\Debug\cSPC.write.1.tlog
D:\Jabil\00__Project\_CHA\14-Development of SPC TypeB - PC version\cSPC\cSPC\Debug\link.11456-cvtres.read.1.tlog
D:\Jabil\00__Project\_CHA\14-Development of SPC TypeB - PC version\cSPC\cSPC\Debug\link.11456-cvtres.write.1.tlog
D:\Jabil\00__Project\_CHA\14-Development of SPC TypeB - PC version\cSPC\cSPC\Debug\link.11456-rc.read.1.tlog
D:\Jabil\00__Project\_CHA\14-Development of SPC TypeB - PC version\cSPC\cSPC\Debug\link.11456-rc.write.1.tlog
D:\Jabil\00__Project\_CHA\14-Development of SPC TypeB - PC version\cSPC\cSPC\Debug\link.11456.read.1.tlog
D:\Jabil\00__Project\_CHA\14-Development of SPC TypeB - PC version\cSPC\cSPC\Debug\link.11456.write.1.tlog
D:\Jabil\00__Project\_CHA\14-Development of SPC TypeB - PC version\cSPC\cSPC\Debug\link.12180-cvtres.read.1.tlog
D:\Jabil\00__Project\_CHA\14-Development of SPC TypeB - PC version\cSPC\cSPC\Debug\link.12180-cvtres.write.1.tlog
D:\Jabil\00__Project\_CHA\14-Development of SPC TypeB - PC version\cSPC\cSPC\Debug\link.12180-rc.read.1.tlog
D:\Jabil\00__Project\_CHA\14-Development of SPC TypeB - PC version\cSPC\cSPC\Debug\link.12180-rc.write.1.tlog
D:\Jabil\00__Project\_CHA\14-Development of SPC TypeB - PC version\cSPC\cSPC\Debug\link.12180.read.1.tlog
D:\Jabil\00__Project\_CHA\14-Development of SPC TypeB - PC version\cSPC\cSPC\Debug\link.12180.write.1.tlog
D:\Jabil\00__Project\_CHA\14-Development of SPC TypeB - PC version\cSPC\cSPC\Debug\link.12240-cvtres.read.1.tlog
D:\Jabil\00__Project\_CHA\14-Development of SPC TypeB - PC version\cSPC\cSPC\Debug\link.12240-cvtres.write.1.tlog
D:\Jabil\00__Project\_CHA\14-Development of SPC TypeB - PC version\cSPC\cSPC\Debug\link.12240-rc.read.1.tlog
D:\Jabil\00__Project\_CHA\14-Development of SPC TypeB - PC version\cSPC\cSPC\Debug\link.12240-rc.write.1.tlog
D:\Jabil\00__Project\_CHA\14-Development of SPC TypeB - PC version\cSPC\cSPC\Debug\link.12240.read.1.tlog
D:\Jabil\00__Project\_CHA\14-Development of SPC TypeB - PC version\cSPC\cSPC\Debug\link.12240.write.1.tlog
D:\Jabil\00__Project\_CHA\14-Development of SPC TypeB - PC version\cSPC\cSPC\Debug\link.20416-cvtres.read.1.tlog
D:\Jabil\00__Project\_CHA\14-Development of SPC TypeB - PC version\cSPC\cSPC\Debug\link.20416-cvtres.write.1.tlog
D:\Jabil\00__Project\_CHA\14-Development of SPC TypeB - PC version\cSPC\cSPC\Debug\link.20416-rc.read.1.tlog
D:\Jabil\00__Project\_CHA\14-Development of SPC TypeB - PC version\cSPC\cSPC\Debug\link.20416-rc.write.1.tlog
D:\Jabil\00__Project\_CHA\14-Development of SPC TypeB - PC version\cSPC\cSPC\Debug\link.20416.read.1.tlog
D:\Jabil\00__Project\_CHA\14-Development of SPC TypeB - PC version\cSPC\cSPC\Debug\link.20416.write.1.tlog
D:\Jabil\00__Project\_CHA\14-Development of SPC TypeB - PC version\cSPC\cSPC\Debug\link.2252-cvtres.read.1.tlog
D:\Jabil\00__Project\_CHA\14-Development of SPC TypeB - PC version\cSPC\cSPC\Debug\link.2252-cvtres.write.1.tlog
D:\Jabil\00__Project\_CHA\14-Development of SPC TypeB - PC version\cSPC\cSPC\Debug\link.2252-rc.read.1.tlog
D:\Jabil\00__Project\_CHA\14-Development of SPC TypeB - PC version\cSPC\cSPC\Debug\link.2252-rc.write.1.tlog
D:\Jabil\00__Project\_CHA\14-Development of SPC TypeB - PC version\cSPC\cSPC\Debug\link.2252.read.1.tlog
D:\Jabil\00__Project\_CHA\14-Development of SPC TypeB - PC version\cSPC\cSPC\Debug\link.2252.write.1.tlog
D:\Jabil\00__Project\_CHA\14-Development of SPC TypeB - PC version\cSPC\cSPC\Debug\link.command.1.tlog
D:\Jabil\00__Project\_CHA\14-Development of SPC TypeB - PC version\cSPC\cSPC\Debug\link.read.1.tlog
D:\Jabil\00__Project\_CHA\14-Development of SPC TypeB - PC version\cSPC\cSPC\Debug\link.write.1.tlog
D:\Jabil\00__Project\_CHA\14-Development of SPC TypeB - PC version\cSPC\cSPC\Debug\metagen.read.1.tlog
D:\Jabil\00__Project\_CHA\14-Development of SPC TypeB - PC version\cSPC\cSPC\Debug\metagen.write.1.tlog
D:\Jabil\00__Project\_CHA\14-Development of SPC TypeB - PC version\cSPC\cSPC\Debug\cSPC.pch
D:\Jabil\00__Project\_CHA\14-Development of SPC TypeB - PC version\cSPC\cSPC\Debug\vc110.pdb
D:\Jabil\00__Project\_CHA\14-Development of SPC TypeB - PC version\cSPC\cSPC\Debug\RSAENH.DLL.bi
D:\Jabil\00__Project\_CHA\14-Development of SPC TypeB - PC version\cSPC\cSPC\Debug\TZRES.DLL.bi
D:\Jabil\00__Project\_CHA\14-Development of SPC TypeB - PC version\cSPC\Debug\cSPC.pdb
D:\Jabil\00__Project\_CHA\14-Development of SPC TypeB - PC version\cSPC\Debug\cSPC.dll
D:\Jabil\00__Project\_CHA\14-Development of SPC TypeB - PC version\cSPC\Debug\cSPC.ilk
